Arguments: 
  C:\Program Files\nodejs\node.exe C:\Users\stbrown\node_modules\yarn\bin\yarn.js dev

PATH: 
  c:\Users\stbrown\GraalVM\graalvm-ce-java17-22.3.3\bin;C:\Program Files\Microsoft MPI\Bin\;C:\Program Files\Common Files\Oracle\Java\javapath;C:\Python310\Scripts\;C:\Python310\;C:\Program Files (x86)\Common Files\Oracle\Java\javapath;C:\windows\system32;C:\windows;C:\windows\System32\Wbem;C:\windows\System32\WindowsPowerShell\v1.0\;C:\windows\System32\OpenSSH\;C:\Program Files (x86)\Windows Live\Shared;C:\Program Files (x86)\QuickTime\QTSystem\;C:\Program Files\Git\cmd;C:\Program Files\Go\bin;C:\ProgramData\chocolatey\bin;C:\Program Files\Microsoft Network Monitor 3\;C:\Program Files (x86)\Pulumi\;C:\Program Files\WindowsPowerShell\Scripts\HP.ClientScriptLibrary;C:\texlive\2023\bin\windows;C:\Program Files\dotnet\;C:\Program Files\PuTTY\;C:\Program Files (x86)\Microsoft SQL Server\160\Tools\Binn\;C:\Program Files\Microsoft SQL Server\160\Tools\Binn\;C:\Program Files\Microsoft SQL Server\Client SDK\ODBC\170\Tools\Binn\;C:\Program Files\Microsoft SQL Server\160\DTS\Binn\;C:\Program Files\Microsoft SQL Server\150\Tools\Binn\;C:\Program Files\Microsoft SQL Server\140\DTS\Binn\;C:\Program Files\Microsoft SQL Server\150\DTS\Binn\;C:\Program Files\Azure Data Studio\bin;C:\Program Files\Rancher Desktop\resources\resources\win32\bin\;C:\Program Files\Rancher Desktop\resources\resources\linux\bin\;%NVM_HOME%;%NVM_SYMLINK%;C:\Program Files\nodejs\;C:\Users\stbrown\AppData\Local\Programs\Quarto\bin;C:\Users\stbrown\AppData\Local\.meteor/;C:\Users\stbrown\AppData\Roaming\npm\node_modules\meteor\node_modules\.bin;C:\Users\stbrown\AppData\Roaming\npm\node_modules\node_modules\.bin;C:\Users\stbrown\AppData\Roaming\npm\node_modules\.bin;C:\Users\stbrown\AppData\Roaming\node_modules\.bin;C:\Users\stbrown\AppData\node_modules\.bin;C:\Users\stbrown\node_modules\.bin;C:\Users\node_modules\.bin;C:\node_modules\.bin;node_modules\npm\node_modules\@npmcli\run-script\lib\node-gyp-bin;C:\Program Files\WindowsApps\Microsoft.WindowsTerminal_1.14.2281.0_x64__8wekyb3d8bbwe;C:\Python310\Scripts\;C:\Python310\;C:\Program Files (x86)\Common Files\Oracle\Java\javapath;C:\windows\system32;C:\windows;C:\windows\System32\Wbem;C:\windows\System32\WindowsPowerShell\v1.0\;C:\windows\System32\OpenSSH\;C:\Program Files (x86)\Windows Live\Shared;C:\Program Files (x86)\QuickTime\QTSystem\;C:\Program Files\Git\cmd;C:\Program Files\Microsoft SQL Server\Client SDK\;C:\Users\stbrown\AppData\Roaming\nvm;C:\Program Files\nodejs;C:\Users\stbrown\AppData\Roaming\npm

Yarn version: 
  1.22.19

Node version: 
  18.17.1

Platform: 
  win32 x64

Trace: 
  SyntaxError: C:\Users\stbrown\Documents\Development\VP-Blog\package.json: Unexpected token / in JSON at position 203
      at JSON.parse (<anonymous>)
      at C:\Users\stbrown\node_modules\yarn\lib\cli.js:1629:59
      at Generator.next (<anonymous>)
      at step (C:\Users\stbrown\node_modules\yarn\lib\cli.js:310:30)
      at C:\Users\stbrown\node_modules\yarn\lib\cli.js:321:13

npm manifest: 
  {
      "name": "vp-blog",
      "version": "0.0.1",
      "description": "Cloudflare Pages Blog",
      "main": "README.md",
      "author": "Steve Brown",
      "scripts": {
          "dev": "vuepress dev vp-blog", // starts a development server with automatic reload.
          "build": "vuepress build vp-blog" // builds your website.
      }
  }

yarn manifest: 
  No manifest

Lockfile: 
  No lockfile
